Wed Apr 23 23:43:35 EDT 2014: Test log. Peer ID = 2
Wed Apr 23 23:43:36 EDT 2014: Peer 2 makes a connection to Peer 1
Wed Apr 23 23:43:36 EDT 2014: Peer 2 received a not interested message from Peer 1
Wed Apr 23 23:43:36 EDT 2014: Peer 2 has downloaded the piece 10 from 1
Wed Apr 23 23:43:36 EDT 2014: Peer 2 received a not interested message from Peer 1
Wed Apr 23 23:43:36 EDT 2014: Peer 2 has downloaded the piece 70 from 1
Wed Apr 23 23:43:36 EDT 2014: Peer 2 received a not interested message from Peer 1
Wed Apr 23 23:43:36 EDT 2014: Peer 2 has downloaded the piece 46 from 1
Wed Apr 23 23:43:36 EDT 2014: Peer 2 received a not interested message from Peer 1
Wed Apr 23 23:43:36 EDT 2014: Peer 2 has downloaded the piece 89 from 1
Wed Apr 23 23:43:36 EDT 2014: Peer 2 received a not interested message from Peer 1
Wed Apr 23 23:43:36 EDT 2014: Peer 2 has downloaded the piece 112 from 1
Wed Apr 23 23:43:36 EDT 2014: Peer 2 received a not interested message from Peer 1
Wed Apr 23 23:43:37 EDT 2014: Peer 2 has downloaded the piece 110 from 1
Wed Apr 23 23:43:37 EDT 2014: Peer 2 received a not interested message from Peer 1
Wed Apr 23 23:43:37 EDT 2014: Peer 2 has downloaded the piece 51 from 1
Wed Apr 23 23:43:37 EDT 2014: Peer 2 received a not interested message from Peer 1
Wed Apr 23 23:43:37 EDT 2014: Peer 2 has downloaded the piece 43 from 1
Wed Apr 23 23:43:37 EDT 2014: Peer 2 received a not interested message from Peer 1
Wed Apr 23 23:43:37 EDT 2014: Peer 2 has downloaded the piece 21 from 1
Wed Apr 23 23:43:37 EDT 2014: Peer 2 received a not interested message from Peer 1
Wed Apr 23 23:43:37 EDT 2014: Peer 2 has downloaded the piece 120 from 1
Wed Apr 23 23:43:37 EDT 2014: Peer 2 received a not interested message from Peer 1
Wed Apr 23 23:43:37 EDT 2014: Peer 2 has downloaded the piece 54 from 1
Wed Apr 23 23:43:37 EDT 2014: Peer 2 received a not interested message from Peer 1
Wed Apr 23 23:43:37 EDT 2014: Peer 2 has downloaded the piece 118 from 1
Wed Apr 23 23:43:37 EDT 2014: Peer 2 received a not interested message from Peer 1
Wed Apr 23 23:43:37 EDT 2014: Peer 2 has downloaded the piece 41 from 1
Wed Apr 23 23:43:37 EDT 2014: Peer 2 received a not interested message from Peer 1
Wed Apr 23 23:43:37 EDT 2014: Peer 2 has downloaded the piece 83 from 1
Wed Apr 23 23:43:37 EDT 2014: Peer 2 received a not interested message from Peer 1
Wed Apr 23 23:43:37 EDT 2014: Peer 2 has downloaded the piece 66 from 1
Wed Apr 23 23:43:37 EDT 2014: Peer 2 received a not interested message from Peer 1
Wed Apr 23 23:43:37 EDT 2014: Peer 2 has downloaded the piece 117 from 1
Wed Apr 23 23:43:37 EDT 2014: Peer 2 received a not interested message from Peer 1
Wed Apr 23 23:43:37 EDT 2014: Peer 2 has downloaded the piece 94 from 1
Wed Apr 23 23:43:37 EDT 2014: Peer 2 received a not interested message from Peer 1
Wed Apr 23 23:43:37 EDT 2014: Peer 2 has downloaded the piece 59 from 1
Wed Apr 23 23:43:37 EDT 2014: Peer 2 received a not interested message from Peer 1
Wed Apr 23 23:43:37 EDT 2014: Peer 2 has downloaded the piece 33 from 1
Wed Apr 23 23:43:37 EDT 2014: Peer 2 received a not interested message from Peer 1
Wed Apr 23 23:43:37 EDT 2014: Peer 2 makes a connection from Peer 3
Wed Apr 23 23:43:37 EDT 2014: Peer 2 has downloaded the piece 82 from 1
Wed Apr 23 23:43:37 EDT 2014: Peer 2 received a not interested message from Peer 1
Wed Apr 23 23:43:37 EDT 2014: Peer 2 received an interested message from Peer 3
Wed Apr 23 23:43:37 EDT 2014: Peer 2 has downloaded the piece 56 from 1
Wed Apr 23 23:43:37 EDT 2014: Peer 2 received a not interested message from Peer 1
Wed Apr 23 23:43:37 EDT 2014: Peer 2 received an interested message from Peer 3
Wed Apr 23 23:43:37 EDT 2014: Peer 2 has downloaded the piece 53 from 1
Wed Apr 23 23:43:37 EDT 2014: Peer 2 received a not interested message from Peer 1
Wed Apr 23 23:43:37 EDT 2014: Peer 2 has downloaded the piece 84 from 1
Wed Apr 23 23:43:37 EDT 2014: Peer 2 received a not interested message from Peer 1
Wed Apr 23 23:43:38 EDT 2014: Peer 2 has downloaded the piece 92 from 1
Wed Apr 23 23:43:38 EDT 2014: Peer 2 received a not interested message from Peer 1
Wed Apr 23 23:43:38 EDT 2014: Peer 2 has downloaded the piece 111 from 1
Wed Apr 23 23:43:38 EDT 2014: Peer 2 received a not interested message from Peer 1
Wed Apr 23 23:43:38 EDT 2014: Peer 2 has downloaded the piece 81 from 1
Wed Apr 23 23:43:38 EDT 2014: Peer 2 received a not interested message from Peer 1
Wed Apr 23 23:43:38 EDT 2014: Peer 2 has downloaded the piece 104 from 1
Wed Apr 23 23:43:38 EDT 2014: Peer 2 received a not interested message from Peer 1
Wed Apr 23 23:43:38 EDT 2014: Peer 2 has downloaded the piece 52 from 1
Wed Apr 23 23:43:38 EDT 2014: Peer 2 received a not interested message from Peer 1
Wed Apr 23 23:43:38 EDT 2014: Peer 2 has downloaded the piece 79 from 1
Wed Apr 23 23:43:38 EDT 2014: Peer 2 received a not interested message from Peer 1
Wed Apr 23 23:43:38 EDT 2014: Peer 2 has downloaded the piece 72 from 1
Wed Apr 23 23:43:38 EDT 2014: Peer 2 received a not interested message from Peer 1
Wed Apr 23 23:43:38 EDT 2014: Peer 2 received a have message from Peer 3 for the piece 105
Wed Apr 23 23:43:38 EDT 2014: Peer 2 has downloaded the piece 103 from 1
Wed Apr 23 23:43:38 EDT 2014: Peer 2 received a not interested message from Peer 1
Wed Apr 23 23:43:38 EDT 2014: Peer 2 received a have message from Peer 3 for the piece 23
Wed Apr 23 23:43:38 EDT 2014: Peer 2 has downloaded the piece 40 from 1
Wed Apr 23 23:43:38 EDT 2014: Peer 2 received a not interested message from Peer 1
Wed Apr 23 23:43:38 EDT 2014: Peer 2 received a have message from Peer 3 for the piece 120
Wed Apr 23 23:43:38 EDT 2014: Peer 2 has downloaded the piece 7 from 1
Wed Apr 23 23:43:38 EDT 2014: Peer 2 received a not interested message from Peer 1
Wed Apr 23 23:43:38 EDT 2014: Peer 2 received a have message from Peer 3 for the piece 8
Wed Apr 23 23:43:38 EDT 2014: Peer 2 has downloaded the piece 1 from 1
Wed Apr 23 23:43:38 EDT 2014: Peer 2 received a not interested message from Peer 1
Wed Apr 23 23:43:38 EDT 2014: Peer 2 received a have message from Peer 3 for the piece 7
Wed Apr 23 23:43:38 EDT 2014: Peer 2 received a have message from Peer 3 for the piece 25
Wed Apr 23 23:43:38 EDT 2014: Peer 2 has downloaded the piece 36 from 1
Wed Apr 23 23:43:38 EDT 2014: Peer 2 received a not interested message from Peer 1
Wed Apr 23 23:43:38 EDT 2014: Peer 2 received a have message from Peer 3 for the piece 82
Wed Apr 23 23:43:38 EDT 2014: Peer 2 has downloaded the piece 61 from 1
Wed Apr 23 23:43:38 EDT 2014: Peer 2 received a not interested message from Peer 1
Wed Apr 23 23:43:38 EDT 2014: Peer 2 received a have message from Peer 3 for the piece 61
Wed Apr 23 23:43:38 EDT 2014: Peer 2 has downloaded the piece 77 from 1
Wed Apr 23 23:43:38 EDT 2014: Peer 2 received a have message from Peer 3 for the piece 1
Wed Apr 23 23:43:38 EDT 2014: Peer 2 received a have message from Peer 3 for the piece 14
Wed Apr 23 23:43:38 EDT 2014: Peer 2 received a have message from Peer 3 for the piece 13
Wed Apr 23 23:43:38 EDT 2014: Peer 2 received a have message from Peer 3 for the piece 39
Wed Apr 23 23:43:38 EDT 2014: Peer 2 received a have message from Peer 3 for the piece 41
Wed Apr 23 23:43:39 EDT 2014: Peer 2 received a have message from Peer 3 for the piece 60
Wed Apr 23 23:43:39 EDT 2014: Peer 2 received a have message from Peer 3 for the piece 90
Wed Apr 23 23:43:39 EDT 2014: Peer 2 received a have message from Peer 3 for the piece 51
Wed Apr 23 23:43:39 EDT 2014: Peer 2 received a have message from Peer 3 for the piece 11
Wed Apr 23 23:43:39 EDT 2014: Peer 2 received a have message from Peer 3 for the piece 55
Wed Apr 23 23:43:39 EDT 2014: Peer 2 received a have message from Peer 3 for the piece 47
Wed Apr 23 23:43:39 EDT 2014: Peer 2 received a have message from Peer 3 for the piece 24
Wed Apr 23 23:43:39 EDT 2014: Peer 2 received a have message from Peer 3 for the piece 65
Wed Apr 23 23:43:39 EDT 2014: Peer 2 received a have message from Peer 3 for the piece 81
Wed Apr 23 23:43:39 EDT 2014: Peer 2 received a have message from Peer 3 for the piece 31
Wed Apr 23 23:43:39 EDT 2014: Peer 2 received a have message from Peer 3 for the piece 80
Wed Apr 23 23:43:39 EDT 2014: Peer 2 received a have message from Peer 3 for the piece 16
